 dropdbbuffers 
---------------
 t
(1 row)

 pg_stat_reset 
---------------
 
(1 row)

BEGIN;
BEGIN
SET enable_seqscan = OFF;
SET
SET enable_bitmapscan = OFF;
SET
DROP INDEX c_idx;
DROP INDEX
EXPLAIN ANALYZE SELECT * FROM r WHERE c = 10;
                                                        QUERY PLAN                                                        
--------------------------------------------------------------------------------------------------------------------------
 Index Scan using cb_idx on r  (cost=0.43..60840.01 rows=99840 width=32) (actual time=1.851..561.480 rows=100000 loops=1)
   Index Cond: (c = 10)
 Planning Time: 22.222 ms
 Execution Time: 564.818 ms
(4 rows)

ROLLBACK;
ROLLBACK
 relname | heap_blks_read | heap_blks_hit | seq_scan | seq_tup_read 
---------+----------------+---------------+----------+--------------
 r       |          64229 |         17643 |        0 |            0
(1 row)

 relname | indexrelname | idx_blks_read | idx_blks_hit | idx_scan | idx_tup_read | idx_tup_fetch 
---------+--------------+---------------+--------------+----------+--------------+---------------
 r       | r_pkey       |             1 |            0 |        0 |            0 |             0
 r       | b_idx        |             1 |            0 |        0 |            0 |             0
 r       | c_idx        |             0 |            0 |        0 |            0 |             0
 r       | cb_idx       |            91 |            0 |        1 |       100000 |        100000
(4 rows)

 dropdbbuffers 
---------------
 t
(1 row)

 pg_stat_reset 
---------------
 
(1 row)

BEGIN;
BEGIN
SET enable_seqscan = OFF;
SET
SET enable_bitmapscan = OFF;
SET
DROP INDEX c_idx;
DROP INDEX
EXPLAIN ANALYZE SELECT * FROM r WHERE c = 10;
                                                        QUERY PLAN                                                        
--------------------------------------------------------------------------------------------------------------------------
 Index Scan using cb_idx on r  (cost=0.43..60840.01 rows=99840 width=32) (actual time=0.097..525.482 rows=100000 loops=1)
   Index Cond: (c = 10)
 Planning Time: 10.871 ms
 Execution Time: 528.713 ms
(4 rows)

ROLLBACK;
ROLLBACK
 relname | heap_blks_read | heap_blks_hit | seq_scan | seq_tup_read 
---------+----------------+---------------+----------+--------------
 r       |          64093 |         17779 |        0 |            0
(1 row)

 relname | indexrelname | idx_blks_read | idx_blks_hit | idx_scan | idx_tup_read | idx_tup_fetch 
---------+--------------+---------------+--------------+----------+--------------+---------------
 r       | r_pkey       |             1 |            0 |        0 |            0 |             0
 r       | b_idx        |             1 |            0 |        0 |            0 |             0
 r       | c_idx        |             0 |            0 |        0 |            0 |             0
 r       | cb_idx       |            91 |            0 |        1 |       100000 |        100000
(4 rows)

 dropdbbuffers 
---------------
 t
(1 row)

 pg_stat_reset 
---------------
 
(1 row)

BEGIN;
BEGIN
SET enable_seqscan = OFF;
SET
SET enable_bitmapscan = OFF;
SET
DROP INDEX c_idx;
DROP INDEX
EXPLAIN ANALYZE SELECT * FROM r WHERE c = 10;
                                                        QUERY PLAN                                                        
--------------------------------------------------------------------------------------------------------------------------
 Index Scan using cb_idx on r  (cost=0.43..60840.01 rows=99840 width=32) (actual time=0.085..436.440 rows=100000 loops=1)
   Index Cond: (c = 10)
 Planning Time: 10.818 ms
 Execution Time: 439.772 ms
(4 rows)

ROLLBACK;
ROLLBACK
 relname | heap_blks_read | heap_blks_hit | seq_scan | seq_tup_read 
---------+----------------+---------------+----------+--------------
 r       |          64202 |         17670 |        0 |            0
(1 row)

 relname | indexrelname | idx_blks_read | idx_blks_hit | idx_scan | idx_tup_read | idx_tup_fetch 
---------+--------------+---------------+--------------+----------+--------------+---------------
 r       | r_pkey       |             1 |            0 |        0 |            0 |             0
 r       | b_idx        |             1 |            0 |        0 |            0 |             0
 r       | c_idx        |             0 |            0 |        0 |            0 |             0
 r       | cb_idx       |            91 |            0 |        1 |       100000 |        100000
(4 rows)

 dropdbbuffers 
---------------
 t
(1 row)

 pg_stat_reset 
---------------
 
(1 row)

BEGIN;
BEGIN
SET enable_seqscan = OFF;
SET
SET enable_bitmapscan = OFF;
SET
DROP INDEX c_idx;
DROP INDEX
EXPLAIN ANALYZE SELECT * FROM r WHERE c = 10;
                                                        QUERY PLAN                                                        
--------------------------------------------------------------------------------------------------------------------------
 Index Scan using cb_idx on r  (cost=0.43..60840.01 rows=99840 width=32) (actual time=0.086..509.485 rows=100000 loops=1)
   Index Cond: (c = 10)
 Planning Time: 11.136 ms
 Execution Time: 512.955 ms
(4 rows)

ROLLBACK;
ROLLBACK
 relname | heap_blks_read | heap_blks_hit | seq_scan | seq_tup_read 
---------+----------------+---------------+----------+--------------
 r       |          64422 |         17450 |        0 |            0
(1 row)

 relname | indexrelname | idx_blks_read | idx_blks_hit | idx_scan | idx_tup_read | idx_tup_fetch 
---------+--------------+---------------+--------------+----------+--------------+---------------
 r       | r_pkey       |             1 |            0 |        0 |            0 |             0
 r       | b_idx        |             1 |            0 |        0 |            0 |             0
 r       | c_idx        |             0 |            0 |        0 |            0 |             0
 r       | cb_idx       |            91 |            0 |        1 |       100000 |        100000
(4 rows)

 dropdbbuffers 
---------------
 t
(1 row)

 pg_stat_reset 
---------------
 
(1 row)

BEGIN;
BEGIN
SET enable_seqscan = OFF;
SET
SET enable_bitmapscan = OFF;
SET
DROP INDEX c_idx;
DROP INDEX
EXPLAIN ANALYZE SELECT * FROM r WHERE c = 10;
                                                        QUERY PLAN                                                        
--------------------------------------------------------------------------------------------------------------------------
 Index Scan using cb_idx on r  (cost=0.43..60840.01 rows=99840 width=32) (actual time=0.090..493.350 rows=100000 loops=1)
   Index Cond: (c = 10)
 Planning Time: 13.076 ms
 Execution Time: 496.835 ms
(4 rows)

ROLLBACK;
ROLLBACK
 relname | heap_blks_read | heap_blks_hit | seq_scan | seq_tup_read 
---------+----------------+---------------+----------+--------------
 r       |          64325 |         17547 |        0 |            0
(1 row)

 relname | indexrelname | idx_blks_read | idx_blks_hit | idx_scan | idx_tup_read | idx_tup_fetch 
---------+--------------+---------------+--------------+----------+--------------+---------------
 r       | r_pkey       |             1 |            0 |        0 |            0 |             0
 r       | b_idx        |             1 |            0 |        0 |            0 |             0
 r       | c_idx        |             0 |            0 |        0 |            0 |             0
 r       | cb_idx       |            91 |            0 |        1 |       100000 |        100000
(4 rows)

