 dropdbbuffers 
---------------
 t
(1 row)

 pg_stat_reset 
---------------
 
(1 row)

BEGIN;
BEGIN
SET enable_seqscan = OFF;
SET
SET enable_bitmapscan = ON;
SET
DROP INDEX cb_idx;
DROP INDEX
EXPLAIN ANALYZE SELECT b FROM r WHERE c > 15;
                                                         QUERY PLAN                                                          
-----------------------------------------------------------------------------------------------------------------------------
 Bitmap Heap Scan on r  (cost=4436.98..24118.07 rows=398007 width=8) (actual time=21.917..223.240 rows=400000 loops=1)
   Recheck Cond: (c > 15)
   Heap Blocks: exact=14706
   ->  Bitmap Index Scan on c_idx  (cost=0.00..4337.48 rows=398007 width=0) (actual time=19.230..19.231 rows=400000 loops=1)
         Index Cond: (c > 15)
 Planning Time: 14.072 ms
 Execution Time: 236.277 ms
(7 rows)

ROLLBACK;
ROLLBACK
 relname | heap_blks_read | heap_blks_hit | seq_scan | seq_tup_read 
---------+----------------+---------------+----------+--------------
 r       |          14706 |             0 |        0 |            0
(1 row)

 relname | indexrelname | idx_blks_read | idx_blks_hit | idx_scan | idx_tup_read | idx_tup_fetch 
---------+--------------+---------------+--------------+----------+--------------+---------------
 r       | r_pkey       |             1 |            0 |        0 |            0 |             0
 r       | b_idx        |             1 |            0 |        0 |            0 |             0
 r       | c_idx        |           341 |            0 |        1 |       400000 |             0
 r       | cb_idx       |             0 |            0 |        0 |            0 |             0
(4 rows)

 dropdbbuffers 
---------------
 t
(1 row)

 pg_stat_reset 
---------------
 
(1 row)

BEGIN;
BEGIN
SET enable_seqscan = OFF;
SET
SET enable_bitmapscan = ON;
SET
DROP INDEX cb_idx;
DROP INDEX
EXPLAIN ANALYZE SELECT b FROM r WHERE c > 15;
                                                         QUERY PLAN                                                          
-----------------------------------------------------------------------------------------------------------------------------
 Bitmap Heap Scan on r  (cost=4436.98..24118.07 rows=398007 width=8) (actual time=23.283..216.882 rows=400000 loops=1)
   Recheck Cond: (c > 15)
   Heap Blocks: exact=14706
   ->  Bitmap Index Scan on c_idx  (cost=0.00..4337.48 rows=398007 width=0) (actual time=19.515..19.516 rows=400000 loops=1)
         Index Cond: (c > 15)
 Planning Time: 10.773 ms
 Execution Time: 230.330 ms
(7 rows)

ROLLBACK;
ROLLBACK
 relname | heap_blks_read | heap_blks_hit | seq_scan | seq_tup_read 
---------+----------------+---------------+----------+--------------
 r       |          14706 |             0 |        0 |            0
(1 row)

 relname | indexrelname | idx_blks_read | idx_blks_hit | idx_scan | idx_tup_read | idx_tup_fetch 
---------+--------------+---------------+--------------+----------+--------------+---------------
 r       | r_pkey       |             1 |            0 |        0 |            0 |             0
 r       | b_idx        |             1 |            0 |        0 |            0 |             0
 r       | c_idx        |           341 |            0 |        1 |       400000 |             0
 r       | cb_idx       |             0 |            0 |        0 |            0 |             0
(4 rows)

 dropdbbuffers 
---------------
 t
(1 row)

 pg_stat_reset 
---------------
 
(1 row)

BEGIN;
BEGIN
SET enable_seqscan = OFF;
SET
SET enable_bitmapscan = ON;
SET
DROP INDEX cb_idx;
DROP INDEX
EXPLAIN ANALYZE SELECT b FROM r WHERE c > 15;
                                                         QUERY PLAN                                                          
-----------------------------------------------------------------------------------------------------------------------------
 Bitmap Heap Scan on r  (cost=4436.98..24118.07 rows=398007 width=8) (actual time=21.045..213.344 rows=400000 loops=1)
   Recheck Cond: (c > 15)
   Heap Blocks: exact=14706
   ->  Bitmap Index Scan on c_idx  (cost=0.00..4337.48 rows=398007 width=0) (actual time=18.338..18.339 rows=400000 loops=1)
         Index Cond: (c > 15)
 Planning Time: 13.832 ms
 Execution Time: 227.038 ms
(7 rows)

ROLLBACK;
ROLLBACK
 relname | heap_blks_read | heap_blks_hit | seq_scan | seq_tup_read 
---------+----------------+---------------+----------+--------------
 r       |          14706 |             0 |        0 |            0
(1 row)

 relname | indexrelname | idx_blks_read | idx_blks_hit | idx_scan | idx_tup_read | idx_tup_fetch 
---------+--------------+---------------+--------------+----------+--------------+---------------
 r       | r_pkey       |             1 |            0 |        0 |            0 |             0
 r       | b_idx        |             1 |            0 |        0 |            0 |             0
 r       | c_idx        |           341 |            0 |        1 |       400000 |             0
 r       | cb_idx       |             0 |            0 |        0 |            0 |             0
(4 rows)

 dropdbbuffers 
---------------
 t
(1 row)

 pg_stat_reset 
---------------
 
(1 row)

BEGIN;
BEGIN
SET enable_seqscan = OFF;
SET
SET enable_bitmapscan = ON;
SET
DROP INDEX cb_idx;
DROP INDEX
EXPLAIN ANALYZE SELECT b FROM r WHERE c > 15;
                                                         QUERY PLAN                                                          
-----------------------------------------------------------------------------------------------------------------------------
 Bitmap Heap Scan on r  (cost=4436.98..24118.07 rows=398007 width=8) (actual time=21.611..221.456 rows=400000 loops=1)
   Recheck Cond: (c > 15)
   Heap Blocks: exact=14706
   ->  Bitmap Index Scan on c_idx  (cost=0.00..4337.48 rows=398007 width=0) (actual time=18.867..18.868 rows=400000 loops=1)
         Index Cond: (c > 15)
 Planning Time: 12.986 ms
 Execution Time: 235.926 ms
(7 rows)

ROLLBACK;
ROLLBACK
 relname | heap_blks_read | heap_blks_hit | seq_scan | seq_tup_read 
---------+----------------+---------------+----------+--------------
 r       |          14706 |             0 |        0 |            0
(1 row)

 relname | indexrelname | idx_blks_read | idx_blks_hit | idx_scan | idx_tup_read | idx_tup_fetch 
---------+--------------+---------------+--------------+----------+--------------+---------------
 r       | r_pkey       |             1 |            0 |        0 |            0 |             0
 r       | b_idx        |             1 |            0 |        0 |            0 |             0
 r       | c_idx        |           341 |            0 |        1 |       400000 |             0
 r       | cb_idx       |             0 |            0 |        0 |            0 |             0
(4 rows)

 dropdbbuffers 
---------------
 t
(1 row)

 pg_stat_reset 
---------------
 
(1 row)

BEGIN;
BEGIN
SET enable_seqscan = OFF;
SET
SET enable_bitmapscan = ON;
SET
DROP INDEX cb_idx;
DROP INDEX
EXPLAIN ANALYZE SELECT b FROM r WHERE c > 15;
                                                         QUERY PLAN                                                          
-----------------------------------------------------------------------------------------------------------------------------
 Bitmap Heap Scan on r  (cost=4436.98..24118.07 rows=398007 width=8) (actual time=20.901..208.589 rows=400000 loops=1)
   Recheck Cond: (c > 15)
   Heap Blocks: exact=14706
   ->  Bitmap Index Scan on c_idx  (cost=0.00..4337.48 rows=398007 width=0) (actual time=18.176..18.177 rows=400000 loops=1)
         Index Cond: (c > 15)
 Planning Time: 10.970 ms
 Execution Time: 222.213 ms
(7 rows)

ROLLBACK;
ROLLBACK
 relname | heap_blks_read | heap_blks_hit | seq_scan | seq_tup_read 
---------+----------------+---------------+----------+--------------
 r       |          14706 |             0 |        0 |            0
(1 row)

 relname | indexrelname | idx_blks_read | idx_blks_hit | idx_scan | idx_tup_read | idx_tup_fetch 
---------+--------------+---------------+--------------+----------+--------------+---------------
 r       | r_pkey       |             1 |            0 |        0 |            0 |             0
 r       | b_idx        |             1 |            0 |        0 |            0 |             0
 r       | c_idx        |           341 |            0 |        1 |       400000 |             0
 r       | cb_idx       |             0 |            0 |        0 |            0 |             0
(4 rows)

