 dropdbbuffers 
---------------
 t
(1 row)

 pg_stat_reset 
---------------
 
(1 row)

BEGIN;
BEGIN
SET enable_bitmapscan = ON;
SET
SET enable_indexscan = OFF;
SET
SET enable_seqscan = OFF;
SET
DROP INDEX c_idx;
DROP INDEX
DROP INDEX b_idx;
DROP INDEX
EXPLAIN ANALYZE SELECT * FROM r WHERE b > 9 AND c = 10;
                                                       QUERY PLAN                                                        
-------------------------------------------------------------------------------------------------------------------------
 Bitmap Heap Scan on r  (cost=785.12..16346.76 rows=57043 width=32) (actual time=10.381..138.459 rows=57040 loops=1)
   Recheck Cond: ((c = 10) AND (b > 9))
   Heap Blocks: exact=14414
   ->  Bitmap Index Scan on cb_idx  (cost=0.00..770.86 rows=57043 width=0) (actual time=7.549..7.549 rows=57040 loops=1)
         Index Cond: ((c = 10) AND (b > 9))
 Planning Time: 10.236 ms
 Execution Time: 141.077 ms
(7 rows)

ROLLBACK;
ROLLBACK
 relname | heap_blks_read | heap_blks_hit | seq_scan | seq_tup_read 
---------+----------------+---------------+----------+--------------
 r       |          14414 |             0 |        0 |            0
(1 row)

 relname | indexrelname | idx_blks_read | idx_blks_hit | idx_scan | idx_tup_read | idx_tup_fetch 
---------+--------------+---------------+--------------+----------+--------------+---------------
 r       | r_pkey       |             1 |            0 |        0 |            0 |             0
 r       | b_idx        |             0 |            0 |        0 |            0 |             0
 r       | c_idx        |             0 |            0 |        0 |            0 |             0
 r       | cb_idx       |            54 |            0 |        1 |        57040 |             0
(4 rows)

 dropdbbuffers 
---------------
 t
(1 row)

 pg_stat_reset 
---------------
 
(1 row)

BEGIN;
BEGIN
SET enable_bitmapscan = ON;
SET
SET enable_indexscan = OFF;
SET
SET enable_seqscan = OFF;
SET
DROP INDEX c_idx;
DROP INDEX
DROP INDEX b_idx;
DROP INDEX
EXPLAIN ANALYZE SELECT * FROM r WHERE b > 9 AND c = 10;
                                                       QUERY PLAN                                                        
-------------------------------------------------------------------------------------------------------------------------
 Bitmap Heap Scan on r  (cost=785.12..16346.76 rows=57043 width=32) (actual time=9.471..139.928 rows=57040 loops=1)
   Recheck Cond: ((c = 10) AND (b > 9))
   Heap Blocks: exact=14414
   ->  Bitmap Index Scan on cb_idx  (cost=0.00..770.86 rows=57043 width=0) (actual time=6.698..6.699 rows=57040 loops=1)
         Index Cond: ((c = 10) AND (b > 9))
 Planning Time: 9.898 ms
 Execution Time: 142.407 ms
(7 rows)

ROLLBACK;
ROLLBACK
 relname | heap_blks_read | heap_blks_hit | seq_scan | seq_tup_read 
---------+----------------+---------------+----------+--------------
 r       |          14414 |             0 |        0 |            0
(1 row)

 relname | indexrelname | idx_blks_read | idx_blks_hit | idx_scan | idx_tup_read | idx_tup_fetch 
---------+--------------+---------------+--------------+----------+--------------+---------------
 r       | r_pkey       |             1 |            0 |        0 |            0 |             0
 r       | b_idx        |             0 |            0 |        0 |            0 |             0
 r       | c_idx        |             0 |            0 |        0 |            0 |             0
 r       | cb_idx       |            54 |            0 |        1 |        57040 |             0
(4 rows)

 dropdbbuffers 
---------------
 t
(1 row)

 pg_stat_reset 
---------------
 
(1 row)

BEGIN;
BEGIN
SET enable_bitmapscan = ON;
SET
SET enable_indexscan = OFF;
SET
SET enable_seqscan = OFF;
SET
DROP INDEX c_idx;
DROP INDEX
DROP INDEX b_idx;
DROP INDEX
EXPLAIN ANALYZE SELECT * FROM r WHERE b > 9 AND c = 10;
                                                       QUERY PLAN                                                        
-------------------------------------------------------------------------------------------------------------------------
 Bitmap Heap Scan on r  (cost=785.12..16346.76 rows=57043 width=32) (actual time=10.544..141.722 rows=57040 loops=1)
   Recheck Cond: ((c = 10) AND (b > 9))
   Heap Blocks: exact=14414
   ->  Bitmap Index Scan on cb_idx  (cost=0.00..770.86 rows=57043 width=0) (actual time=7.578..7.578 rows=57040 loops=1)
         Index Cond: ((c = 10) AND (b > 9))
 Planning Time: 19.004 ms
 Execution Time: 144.294 ms
(7 rows)

ROLLBACK;
ROLLBACK
 relname | heap_blks_read | heap_blks_hit | seq_scan | seq_tup_read 
---------+----------------+---------------+----------+--------------
 r       |          14414 |             0 |        0 |            0
(1 row)

 relname | indexrelname | idx_blks_read | idx_blks_hit | idx_scan | idx_tup_read | idx_tup_fetch 
---------+--------------+---------------+--------------+----------+--------------+---------------
 r       | r_pkey       |             1 |            0 |        0 |            0 |             0
 r       | b_idx        |             0 |            0 |        0 |            0 |             0
 r       | c_idx        |             0 |            0 |        0 |            0 |             0
 r       | cb_idx       |            54 |            0 |        1 |        57040 |             0
(4 rows)

 dropdbbuffers 
---------------
 t
(1 row)

 pg_stat_reset 
---------------
 
(1 row)

BEGIN;
BEGIN
SET enable_bitmapscan = ON;
SET
SET enable_indexscan = OFF;
SET
SET enable_seqscan = OFF;
SET
DROP INDEX c_idx;
DROP INDEX
DROP INDEX b_idx;
DROP INDEX
EXPLAIN ANALYZE SELECT * FROM r WHERE b > 9 AND c = 10;
                                                       QUERY PLAN                                                        
-------------------------------------------------------------------------------------------------------------------------
 Bitmap Heap Scan on r  (cost=785.12..16346.76 rows=57043 width=32) (actual time=9.282..141.703 rows=57040 loops=1)
   Recheck Cond: ((c = 10) AND (b > 9))
   Heap Blocks: exact=14414
   ->  Bitmap Index Scan on cb_idx  (cost=0.00..770.86 rows=57043 width=0) (actual time=6.716..6.717 rows=57040 loops=1)
         Index Cond: ((c = 10) AND (b > 9))
 Planning Time: 10.027 ms
 Execution Time: 144.225 ms
(7 rows)

ROLLBACK;
ROLLBACK
 relname | heap_blks_read | heap_blks_hit | seq_scan | seq_tup_read 
---------+----------------+---------------+----------+--------------
 r       |          14414 |             0 |        0 |            0
(1 row)

 relname | indexrelname | idx_blks_read | idx_blks_hit | idx_scan | idx_tup_read | idx_tup_fetch 
---------+--------------+---------------+--------------+----------+--------------+---------------
 r       | r_pkey       |             1 |            0 |        0 |            0 |             0
 r       | b_idx        |             0 |            0 |        0 |            0 |             0
 r       | c_idx        |             0 |            0 |        0 |            0 |             0
 r       | cb_idx       |            54 |            0 |        1 |        57040 |             0
(4 rows)

 dropdbbuffers 
---------------
 t
(1 row)

 pg_stat_reset 
---------------
 
(1 row)

BEGIN;
BEGIN
SET enable_bitmapscan = ON;
SET
SET enable_indexscan = OFF;
SET
SET enable_seqscan = OFF;
SET
DROP INDEX c_idx;
DROP INDEX
DROP INDEX b_idx;
DROP INDEX
EXPLAIN ANALYZE SELECT * FROM r WHERE b > 9 AND c = 10;
                                                       QUERY PLAN                                                        
-------------------------------------------------------------------------------------------------------------------------
 Bitmap Heap Scan on r  (cost=785.12..16346.76 rows=57043 width=32) (actual time=9.507..138.300 rows=57040 loops=1)
   Recheck Cond: ((c = 10) AND (b > 9))
   Heap Blocks: exact=14414
   ->  Bitmap Index Scan on cb_idx  (cost=0.00..770.86 rows=57043 width=0) (actual time=6.851..6.852 rows=57040 loops=1)
         Index Cond: ((c = 10) AND (b > 9))
 Planning Time: 9.912 ms
 Execution Time: 140.908 ms
(7 rows)

ROLLBACK;
ROLLBACK
 relname | heap_blks_read | heap_blks_hit | seq_scan | seq_tup_read 
---------+----------------+---------------+----------+--------------
 r       |          14414 |             0 |        0 |            0
(1 row)

 relname | indexrelname | idx_blks_read | idx_blks_hit | idx_scan | idx_tup_read | idx_tup_fetch 
---------+--------------+---------------+--------------+----------+--------------+---------------
 r       | r_pkey       |             1 |            0 |        0 |            0 |             0
 r       | b_idx        |             0 |            0 |        0 |            0 |             0
 r       | c_idx        |             0 |            0 |        0 |            0 |             0
 r       | cb_idx       |            54 |            0 |        1 |        57040 |             0
(4 rows)

