 dropdbbuffers 
---------------
 t
(1 row)

 pg_stat_reset 
---------------
 
(1 row)

BEGIN;
BEGIN
SET enable_bitmapscan = OFF;
SET
SET enable_seqscan = OFF;
SET
DROP INDEX c_idx;
DROP INDEX
DROP INDEX b_idx;
DROP INDEX
EXPLAIN ANALYZE SELECT * FROM r WHERE b > 9 AND c = 10;
                                                       QUERY PLAN                                                        
-------------------------------------------------------------------------------------------------------------------------
 Index Scan using cb_idx on r  (cost=0.43..60079.14 rows=57043 width=32) (actual time=0.106..281.738 rows=57040 loops=1)
   Index Cond: ((c = 10) AND (b > 9))
 Planning Time: 9.951 ms
 Execution Time: 283.806 ms
(4 rows)

ROLLBACK;
ROLLBACK
 relname | heap_blks_read | heap_blks_hit | seq_scan | seq_tup_read 
---------+----------------+---------------+----------+--------------
 r       |          38876 |         11230 |        0 |            0
(1 row)

 relname | indexrelname | idx_blks_read | idx_blks_hit | idx_scan | idx_tup_read | idx_tup_fetch 
---------+--------------+---------------+--------------+----------+--------------+---------------
 r       | r_pkey       |             1 |            0 |        0 |            0 |             0
 r       | b_idx        |             0 |            0 |        0 |            0 |             0
 r       | c_idx        |             0 |            0 |        0 |            0 |             0
 r       | cb_idx       |            54 |            0 |        1 |        57040 |         57040
(4 rows)

 dropdbbuffers 
---------------
 t
(1 row)

 pg_stat_reset 
---------------
 
(1 row)

BEGIN;
BEGIN
SET enable_bitmapscan = OFF;
SET
SET enable_seqscan = OFF;
SET
DROP INDEX c_idx;
DROP INDEX
DROP INDEX b_idx;
DROP INDEX
EXPLAIN ANALYZE SELECT * FROM r WHERE b > 9 AND c = 10;
                                                       QUERY PLAN                                                        
-------------------------------------------------------------------------------------------------------------------------
 Index Scan using cb_idx on r  (cost=0.43..60079.14 rows=57043 width=32) (actual time=0.105..345.202 rows=57040 loops=1)
   Index Cond: ((c = 10) AND (b > 9))
 Planning Time: 9.964 ms
 Execution Time: 347.155 ms
(4 rows)

ROLLBACK;
ROLLBACK
 relname | heap_blks_read | heap_blks_hit | seq_scan | seq_tup_read 
---------+----------------+---------------+----------+--------------
 r       |          38781 |         11325 |        0 |            0
(1 row)

 relname | indexrelname | idx_blks_read | idx_blks_hit | idx_scan | idx_tup_read | idx_tup_fetch 
---------+--------------+---------------+--------------+----------+--------------+---------------
 r       | r_pkey       |             1 |            0 |        0 |            0 |             0
 r       | b_idx        |             0 |            0 |        0 |            0 |             0
 r       | c_idx        |             0 |            0 |        0 |            0 |             0
 r       | cb_idx       |            54 |            0 |        1 |        57040 |         57040
(4 rows)

 dropdbbuffers 
---------------
 t
(1 row)

 pg_stat_reset 
---------------
 
(1 row)

BEGIN;
BEGIN
SET enable_bitmapscan = OFF;
SET
SET enable_seqscan = OFF;
SET
DROP INDEX c_idx;
DROP INDEX
DROP INDEX b_idx;
DROP INDEX
EXPLAIN ANALYZE SELECT * FROM r WHERE b > 9 AND c = 10;
                                                       QUERY PLAN                                                        
-------------------------------------------------------------------------------------------------------------------------
 Index Scan using cb_idx on r  (cost=0.43..60079.14 rows=57043 width=32) (actual time=0.177..293.225 rows=57040 loops=1)
   Index Cond: ((c = 10) AND (b > 9))
 Planning Time: 10.106 ms
 Execution Time: 295.190 ms
(4 rows)

ROLLBACK;
ROLLBACK
 relname | heap_blks_read | heap_blks_hit | seq_scan | seq_tup_read 
---------+----------------+---------------+----------+--------------
 r       |          38647 |         11459 |        0 |            0
(1 row)

 relname | indexrelname | idx_blks_read | idx_blks_hit | idx_scan | idx_tup_read | idx_tup_fetch 
---------+--------------+---------------+--------------+----------+--------------+---------------
 r       | r_pkey       |             1 |            0 |        0 |            0 |             0
 r       | b_idx        |             0 |            0 |        0 |            0 |             0
 r       | c_idx        |             0 |            0 |        0 |            0 |             0
 r       | cb_idx       |            54 |            0 |        1 |        57040 |         57040
(4 rows)

 dropdbbuffers 
---------------
 t
(1 row)

 pg_stat_reset 
---------------
 
(1 row)

BEGIN;
BEGIN
SET enable_bitmapscan = OFF;
SET
SET enable_seqscan = OFF;
SET
DROP INDEX c_idx;
DROP INDEX
DROP INDEX b_idx;
DROP INDEX
EXPLAIN ANALYZE SELECT * FROM r WHERE b > 9 AND c = 10;
                                                       QUERY PLAN                                                        
-------------------------------------------------------------------------------------------------------------------------
 Index Scan using cb_idx on r  (cost=0.43..60079.14 rows=57043 width=32) (actual time=0.106..345.951 rows=57040 loops=1)
   Index Cond: ((c = 10) AND (b > 9))
 Planning Time: 9.969 ms
 Execution Time: 347.923 ms
(4 rows)

ROLLBACK;
ROLLBACK
 relname | heap_blks_read | heap_blks_hit | seq_scan | seq_tup_read 
---------+----------------+---------------+----------+--------------
 r       |          38739 |         11367 |        0 |            0
(1 row)

 relname | indexrelname | idx_blks_read | idx_blks_hit | idx_scan | idx_tup_read | idx_tup_fetch 
---------+--------------+---------------+--------------+----------+--------------+---------------
 r       | r_pkey       |             1 |            0 |        0 |            0 |             0
 r       | b_idx        |             0 |            0 |        0 |            0 |             0
 r       | c_idx        |             0 |            0 |        0 |            0 |             0
 r       | cb_idx       |            54 |            0 |        1 |        57040 |         57040
(4 rows)

 dropdbbuffers 
---------------
 t
(1 row)

 pg_stat_reset 
---------------
 
(1 row)

BEGIN;
BEGIN
SET enable_bitmapscan = OFF;
SET
SET enable_seqscan = OFF;
SET
DROP INDEX c_idx;
DROP INDEX
DROP INDEX b_idx;
DROP INDEX
EXPLAIN ANALYZE SELECT * FROM r WHERE b > 9 AND c = 10;
                                                       QUERY PLAN                                                        
-------------------------------------------------------------------------------------------------------------------------
 Index Scan using cb_idx on r  (cost=0.43..60079.14 rows=57043 width=32) (actual time=0.108..351.917 rows=57040 loops=1)
   Index Cond: ((c = 10) AND (b > 9))
 Planning Time: 10.382 ms
 Execution Time: 354.188 ms
(4 rows)

ROLLBACK;
ROLLBACK
 relname | heap_blks_read | heap_blks_hit | seq_scan | seq_tup_read 
---------+----------------+---------------+----------+--------------
 r       |          38724 |         11382 |        0 |            0
(1 row)

 relname | indexrelname | idx_blks_read | idx_blks_hit | idx_scan | idx_tup_read | idx_tup_fetch 
---------+--------------+---------------+--------------+----------+--------------+---------------
 r       | r_pkey       |             1 |            0 |        0 |            0 |             0
 r       | b_idx        |             0 |            0 |        0 |            0 |             0
 r       | c_idx        |             0 |            0 |        0 |            0 |             0
 r       | cb_idx       |            54 |            0 |        1 |        57040 |         57040
(4 rows)

