 dropdbbuffers 
---------------
 t
(1 row)

 pg_stat_reset 
---------------
 
(1 row)

BEGIN;
BEGIN
SET enable_bitmapscan = OFF;
SET
SET enable_seqscan = OFF;
SET
DROP INDEX c_idx;
DROP INDEX
DROP INDEX cb_idx;
DROP INDEX
EXPLAIN ANALYZE SELECT * FROM r WHERE b > 9 AND c = 10;
                                                       QUERY PLAN                                                        
-------------------------------------------------------------------------------------------------------------------------
 Index Scan using b_idx on r  (cost=0.43..85232.54 rows=57043 width=32) (actual time=0.120..1900.829 rows=57040 loops=1)
   Index Cond: (b > 9)
   Filter: (c = 10)
   Rows Removed by Filter: 1082960
 Planning Time: 9.939 ms
 Execution Time: 1903.111 ms
(6 rows)

ROLLBACK;
ROLLBACK
 relname | heap_blks_read | heap_blks_hit | seq_scan | seq_tup_read 
---------+----------------+---------------+----------+--------------
 r       |         270983 |             0 |        0 |            0
(1 row)

 relname | indexrelname | idx_blks_read | idx_blks_hit | idx_scan | idx_tup_read | idx_tup_fetch 
---------+--------------+---------------+--------------+----------+--------------+---------------
 r       | r_pkey       |             1 |            0 |        0 |            0 |             0
 r       | b_idx        |           965 |            0 |        1 |      1140000 |       1140000
 r       | c_idx        |             0 |            0 |        0 |            0 |             0
 r       | cb_idx       |             0 |            0 |        0 |            0 |             0
(4 rows)

 dropdbbuffers 
---------------
 t
(1 row)

 pg_stat_reset 
---------------
 
(1 row)

BEGIN;
BEGIN
SET enable_bitmapscan = OFF;
SET
SET enable_seqscan = OFF;
SET
DROP INDEX c_idx;
DROP INDEX
DROP INDEX cb_idx;
DROP INDEX
EXPLAIN ANALYZE SELECT * FROM r WHERE b > 9 AND c = 10;
                                                       QUERY PLAN                                                        
-------------------------------------------------------------------------------------------------------------------------
 Index Scan using b_idx on r  (cost=0.43..85232.54 rows=57043 width=32) (actual time=0.105..2077.441 rows=57040 loops=1)
   Index Cond: (b > 9)
   Filter: (c = 10)
   Rows Removed by Filter: 1082960
 Planning Time: 9.901 ms
 Execution Time: 2080.042 ms
(6 rows)

ROLLBACK;
ROLLBACK
 relname | heap_blks_read | heap_blks_hit | seq_scan | seq_tup_read 
---------+----------------+---------------+----------+--------------
 r       |         270983 |             0 |        0 |            0
(1 row)

 relname | indexrelname | idx_blks_read | idx_blks_hit | idx_scan | idx_tup_read | idx_tup_fetch 
---------+--------------+---------------+--------------+----------+--------------+---------------
 r       | r_pkey       |             1 |            0 |        0 |            0 |             0
 r       | b_idx        |           965 |            0 |        1 |      1140000 |       1140000
 r       | c_idx        |             0 |            0 |        0 |            0 |             0
 r       | cb_idx       |             0 |            0 |        0 |            0 |             0
(4 rows)

 dropdbbuffers 
---------------
 t
(1 row)

 pg_stat_reset 
---------------
 
(1 row)

BEGIN;
BEGIN
SET enable_bitmapscan = OFF;
SET
SET enable_seqscan = OFF;
SET
DROP INDEX c_idx;
DROP INDEX
DROP INDEX cb_idx;
DROP INDEX
EXPLAIN ANALYZE SELECT * FROM r WHERE b > 9 AND c = 10;
                                                       QUERY PLAN                                                        
-------------------------------------------------------------------------------------------------------------------------
 Index Scan using b_idx on r  (cost=0.43..85232.54 rows=57043 width=32) (actual time=0.099..2000.369 rows=57040 loops=1)
   Index Cond: (b > 9)
   Filter: (c = 10)
   Rows Removed by Filter: 1082960
 Planning Time: 9.993 ms
 Execution Time: 2002.820 ms
(6 rows)

ROLLBACK;
ROLLBACK
 relname | heap_blks_read | heap_blks_hit | seq_scan | seq_tup_read 
---------+----------------+---------------+----------+--------------
 r       |         270983 |             0 |        0 |            0
(1 row)

 relname | indexrelname | idx_blks_read | idx_blks_hit | idx_scan | idx_tup_read | idx_tup_fetch 
---------+--------------+---------------+--------------+----------+--------------+---------------
 r       | r_pkey       |             1 |            0 |        0 |            0 |             0
 r       | b_idx        |           965 |            0 |        1 |      1140000 |       1140000
 r       | c_idx        |             0 |            0 |        0 |            0 |             0
 r       | cb_idx       |             0 |            0 |        0 |            0 |             0
(4 rows)

 dropdbbuffers 
---------------
 t
(1 row)

 pg_stat_reset 
---------------
 
(1 row)

BEGIN;
BEGIN
SET enable_bitmapscan = OFF;
SET
SET enable_seqscan = OFF;
SET
DROP INDEX c_idx;
DROP INDEX
DROP INDEX cb_idx;
DROP INDEX
EXPLAIN ANALYZE SELECT * FROM r WHERE b > 9 AND c = 10;
                                                       QUERY PLAN                                                        
-------------------------------------------------------------------------------------------------------------------------
 Index Scan using b_idx on r  (cost=0.43..85232.54 rows=57043 width=32) (actual time=0.115..1946.257 rows=57040 loops=1)
   Index Cond: (b > 9)
   Filter: (c = 10)
   Rows Removed by Filter: 1082960
 Planning Time: 9.971 ms
 Execution Time: 1948.607 ms
(6 rows)

ROLLBACK;
ROLLBACK
 relname | heap_blks_read | heap_blks_hit | seq_scan | seq_tup_read 
---------+----------------+---------------+----------+--------------
 r       |         270983 |             0 |        0 |            0
(1 row)

 relname | indexrelname | idx_blks_read | idx_blks_hit | idx_scan | idx_tup_read | idx_tup_fetch 
---------+--------------+---------------+--------------+----------+--------------+---------------
 r       | r_pkey       |             1 |            0 |        0 |            0 |             0
 r       | b_idx        |           965 |            0 |        1 |      1140000 |       1140000
 r       | c_idx        |             0 |            0 |        0 |            0 |             0
 r       | cb_idx       |             0 |            0 |        0 |            0 |             0
(4 rows)

 dropdbbuffers 
---------------
 t
(1 row)

 pg_stat_reset 
---------------
 
(1 row)

BEGIN;
BEGIN
SET enable_bitmapscan = OFF;
SET
SET enable_seqscan = OFF;
SET
DROP INDEX c_idx;
DROP INDEX
DROP INDEX cb_idx;
DROP INDEX
EXPLAIN ANALYZE SELECT * FROM r WHERE b > 9 AND c = 10;
                                                       QUERY PLAN                                                        
-------------------------------------------------------------------------------------------------------------------------
 Index Scan using b_idx on r  (cost=0.43..85232.54 rows=57043 width=32) (actual time=0.105..1900.276 rows=57040 loops=1)
   Index Cond: (b > 9)
   Filter: (c = 10)
   Rows Removed by Filter: 1082960
 Planning Time: 9.995 ms
 Execution Time: 1902.542 ms
(6 rows)

ROLLBACK;
ROLLBACK
 relname | heap_blks_read | heap_blks_hit | seq_scan | seq_tup_read 
---------+----------------+---------------+----------+--------------
 r       |         270983 |             0 |        0 |            0
(1 row)

 relname | indexrelname | idx_blks_read | idx_blks_hit | idx_scan | idx_tup_read | idx_tup_fetch 
---------+--------------+---------------+--------------+----------+--------------+---------------
 r       | r_pkey       |             1 |            0 |        0 |            0 |             0
 r       | b_idx        |           965 |            0 |        1 |      1140000 |       1140000
 r       | c_idx        |             0 |            0 |        0 |            0 |             0
 r       | cb_idx       |             0 |            0 |        0 |            0 |             0
(4 rows)

