 dropdbbuffers 
---------------
 t
(1 row)

 pg_stat_reset 
---------------
 
(1 row)

SET enable_seqscan = ON;
SET
SET enable_bitmapscan = OFF;
SET
SET enable_indexscan = OFF;
SET
SET enable_indexonlyscan = OFF;
SET
EXPLAIN ANALYZE SELECT * FROM r WHERE b > 9 AND c = 10;
                                                QUERY PLAN                                                
----------------------------------------------------------------------------------------------------------
 Seq Scan on r  (cost=0.00..44706.00 rows=57043 width=32) (actual time=0.024..251.051 rows=57040 loops=1)
   Filter: ((b > 9) AND (c = 10))
   Rows Removed by Filter: 1942960
 Planning Time: 17.806 ms
 Execution Time: 253.199 ms
(5 rows)

 relname | heap_blks_read | heap_blks_hit | seq_scan | seq_tup_read 
---------+----------------+---------------+----------+--------------
 r       |          14706 |             0 |        1 |      2000000
(1 row)

 relname | indexrelname | idx_blks_read | idx_blks_hit | idx_scan | idx_tup_read | idx_tup_fetch 
---------+--------------+---------------+--------------+----------+--------------+---------------
 r       | r_pkey       |             1 |            0 |        0 |            0 |             0
 r       | b_idx        |             1 |            0 |        0 |            0 |             0
 r       | c_idx        |             1 |            0 |        0 |            0 |             0
 r       | cb_idx       |             1 |            0 |        0 |            0 |             0
(4 rows)

 dropdbbuffers 
---------------
 t
(1 row)

 pg_stat_reset 
---------------
 
(1 row)

SET enable_seqscan = ON;
SET
SET enable_bitmapscan = OFF;
SET
SET enable_indexscan = OFF;
SET
SET enable_indexonlyscan = OFF;
SET
EXPLAIN ANALYZE SELECT * FROM r WHERE b > 9 AND c = 10;
                                                QUERY PLAN                                                
----------------------------------------------------------------------------------------------------------
 Seq Scan on r  (cost=0.00..44706.00 rows=57043 width=32) (actual time=0.036..276.940 rows=57040 loops=1)
   Filter: ((b > 9) AND (c = 10))
   Rows Removed by Filter: 1942960
 Planning Time: 13.722 ms
 Execution Time: 279.181 ms
(5 rows)

 relname | heap_blks_read | heap_blks_hit | seq_scan | seq_tup_read 
---------+----------------+---------------+----------+--------------
 r       |          14706 |             0 |        1 |      2000000
(1 row)

 relname | indexrelname | idx_blks_read | idx_blks_hit | idx_scan | idx_tup_read | idx_tup_fetch 
---------+--------------+---------------+--------------+----------+--------------+---------------
 r       | r_pkey       |             1 |            0 |        0 |            0 |             0
 r       | b_idx        |             1 |            0 |        0 |            0 |             0
 r       | c_idx        |             1 |            0 |        0 |            0 |             0
 r       | cb_idx       |             1 |            0 |        0 |            0 |             0
(4 rows)

 dropdbbuffers 
---------------
 t
(1 row)

 pg_stat_reset 
---------------
 
(1 row)

SET enable_seqscan = ON;
SET
SET enable_bitmapscan = OFF;
SET
SET enable_indexscan = OFF;
SET
SET enable_indexonlyscan = OFF;
SET
EXPLAIN ANALYZE SELECT * FROM r WHERE b > 9 AND c = 10;
                                                QUERY PLAN                                                
----------------------------------------------------------------------------------------------------------
 Seq Scan on r  (cost=0.00..44706.00 rows=57043 width=32) (actual time=0.026..230.577 rows=57040 loops=1)
   Filter: ((b > 9) AND (c = 10))
   Rows Removed by Filter: 1942960
 Planning Time: 11.907 ms
 Execution Time: 232.460 ms
(5 rows)

 relname | heap_blks_read | heap_blks_hit | seq_scan | seq_tup_read 
---------+----------------+---------------+----------+--------------
 r       |          14706 |             0 |        1 |      2000000
(1 row)

 relname | indexrelname | idx_blks_read | idx_blks_hit | idx_scan | idx_tup_read | idx_tup_fetch 
---------+--------------+---------------+--------------+----------+--------------+---------------
 r       | r_pkey       |             1 |            0 |        0 |            0 |             0
 r       | b_idx        |             1 |            0 |        0 |            0 |             0
 r       | c_idx        |             1 |            0 |        0 |            0 |             0
 r       | cb_idx       |             1 |            0 |        0 |            0 |             0
(4 rows)

 dropdbbuffers 
---------------
 t
(1 row)

 pg_stat_reset 
---------------
 
(1 row)

SET enable_seqscan = ON;
SET
SET enable_bitmapscan = OFF;
SET
SET enable_indexscan = OFF;
SET
SET enable_indexonlyscan = OFF;
SET
EXPLAIN ANALYZE SELECT * FROM r WHERE b > 9 AND c = 10;
                                                QUERY PLAN                                                
----------------------------------------------------------------------------------------------------------
 Seq Scan on r  (cost=0.00..44706.00 rows=57043 width=32) (actual time=0.034..241.229 rows=57040 loops=1)
   Filter: ((b > 9) AND (c = 10))
   Rows Removed by Filter: 1942960
 Planning Time: 12.043 ms
 Execution Time: 243.159 ms
(5 rows)

 relname | heap_blks_read | heap_blks_hit | seq_scan | seq_tup_read 
---------+----------------+---------------+----------+--------------
 r       |          14706 |             0 |        1 |      2000000
(1 row)

 relname | indexrelname | idx_blks_read | idx_blks_hit | idx_scan | idx_tup_read | idx_tup_fetch 
---------+--------------+---------------+--------------+----------+--------------+---------------
 r       | r_pkey       |             1 |            0 |        0 |            0 |             0
 r       | b_idx        |             1 |            0 |        0 |            0 |             0
 r       | c_idx        |             1 |            0 |        0 |            0 |             0
 r       | cb_idx       |             1 |            0 |        0 |            0 |             0
(4 rows)

 dropdbbuffers 
---------------
 t
(1 row)

 pg_stat_reset 
---------------
 
(1 row)

SET enable_seqscan = ON;
SET
SET enable_bitmapscan = OFF;
SET
SET enable_indexscan = OFF;
SET
SET enable_indexonlyscan = OFF;
SET
EXPLAIN ANALYZE SELECT * FROM r WHERE b > 9 AND c = 10;
                                                QUERY PLAN                                                
----------------------------------------------------------------------------------------------------------
 Seq Scan on r  (cost=0.00..44706.00 rows=57043 width=32) (actual time=0.024..238.609 rows=57040 loops=1)
   Filter: ((b > 9) AND (c = 10))
   Rows Removed by Filter: 1942960
 Planning Time: 12.017 ms
 Execution Time: 240.555 ms
(5 rows)

 relname | heap_blks_read | heap_blks_hit | seq_scan | seq_tup_read 
---------+----------------+---------------+----------+--------------
 r       |          14706 |             0 |        1 |      2000000
(1 row)

 relname | indexrelname | idx_blks_read | idx_blks_hit | idx_scan | idx_tup_read | idx_tup_fetch 
---------+--------------+---------------+--------------+----------+--------------+---------------
 r       | r_pkey       |             1 |            0 |        0 |            0 |             0
 r       | b_idx        |             1 |            0 |        0 |            0 |             0
 r       | c_idx        |             1 |            0 |        0 |            0 |             0
 r       | cb_idx       |             1 |            0 |        0 |            0 |             0
(4 rows)

