 dropdbbuffers 
---------------
 t
(1 row)

 pg_stat_reset 
---------------
 
(1 row)

BEGIN;
BEGIN
SET enable_bitmapscan = ON;
SET
SET enable_indexscan = OFF;
SET
SET enable_seqscan = OFF;
SET
DROP INDEX c_idx;
DROP INDEX
DROP INDEX b_idx;
DROP INDEX
EXPLAIN ANALYZE SELECT * FROM r WHERE b = 9 AND c > 1;
                                                         QUERY PLAN                                                          
-----------------------------------------------------------------------------------------------------------------------------
 Bitmap Heap Scan on r  (cost=24330.15..40079.73 rows=18105 width=32) (actual time=16.732..94.231 rows=17974 loops=1)
   Recheck Cond: ((c > 1) AND (b = 9))
   Heap Blocks: exact=10373
   ->  Bitmap Index Scan on cb_idx  (cost=0.00..24325.63 rows=18105 width=0) (actual time=15.024..15.024 rows=17974 loops=1)
         Index Cond: ((c > 1) AND (b = 9))
 Planning Time: 9.898 ms
 Execution Time: 95.068 ms
(7 rows)

ROLLBACK;
ROLLBACK
 relname | heap_blks_read | heap_blks_hit | seq_scan | seq_tup_read 
---------+----------------+---------------+----------+--------------
 r       |          10373 |             0 |        0 |            0
(1 row)

 relname | indexrelname | idx_blks_read | idx_blks_hit | idx_scan | idx_tup_read | idx_tup_fetch 
---------+--------------+---------------+--------------+----------+--------------+---------------
 r       | r_pkey       |             1 |            0 |        0 |            0 |             0
 r       | b_idx        |             0 |            0 |        0 |            0 |             0
 r       | c_idx        |             0 |            0 |        0 |            0 |             0
 r       | cb_idx       |          1569 |            0 |        1 |        17974 |             0
(4 rows)

 dropdbbuffers 
---------------
 t
(1 row)

 pg_stat_reset 
---------------
 
(1 row)

BEGIN;
BEGIN
SET enable_bitmapscan = ON;
SET
SET enable_indexscan = OFF;
SET
SET enable_seqscan = OFF;
SET
DROP INDEX c_idx;
DROP INDEX
DROP INDEX b_idx;
DROP INDEX
EXPLAIN ANALYZE SELECT * FROM r WHERE b = 9 AND c > 1;
                                                         QUERY PLAN                                                          
-----------------------------------------------------------------------------------------------------------------------------
 Bitmap Heap Scan on r  (cost=24330.15..40079.73 rows=18105 width=32) (actual time=17.651..100.858 rows=17974 loops=1)
   Recheck Cond: ((c > 1) AND (b = 9))
   Heap Blocks: exact=10373
   ->  Bitmap Index Scan on cb_idx  (cost=0.00..24325.63 rows=18105 width=0) (actual time=16.036..16.037 rows=17974 loops=1)
         Index Cond: ((c > 1) AND (b = 9))
 Planning Time: 10.085 ms
 Execution Time: 101.901 ms
(7 rows)

ROLLBACK;
ROLLBACK
 relname | heap_blks_read | heap_blks_hit | seq_scan | seq_tup_read 
---------+----------------+---------------+----------+--------------
 r       |          10373 |             0 |        0 |            0
(1 row)

 relname | indexrelname | idx_blks_read | idx_blks_hit | idx_scan | idx_tup_read | idx_tup_fetch 
---------+--------------+---------------+--------------+----------+--------------+---------------
 r       | r_pkey       |             1 |            0 |        0 |            0 |             0
 r       | b_idx        |             0 |            0 |        0 |            0 |             0
 r       | c_idx        |             0 |            0 |        0 |            0 |             0
 r       | cb_idx       |          1569 |            0 |        1 |        17974 |             0
(4 rows)

 dropdbbuffers 
---------------
 t
(1 row)

 pg_stat_reset 
---------------
 
(1 row)

BEGIN;
BEGIN
SET enable_bitmapscan = ON;
SET
SET enable_indexscan = OFF;
SET
SET enable_seqscan = OFF;
SET
DROP INDEX c_idx;
DROP INDEX
DROP INDEX b_idx;
DROP INDEX
EXPLAIN ANALYZE SELECT * FROM r WHERE b = 9 AND c > 1;
                                                         QUERY PLAN                                                          
-----------------------------------------------------------------------------------------------------------------------------
 Bitmap Heap Scan on r  (cost=24330.15..40079.73 rows=18105 width=32) (actual time=17.362..102.856 rows=17974 loops=1)
   Recheck Cond: ((c > 1) AND (b = 9))
   Heap Blocks: exact=10373
   ->  Bitmap Index Scan on cb_idx  (cost=0.00..24325.63 rows=18105 width=0) (actual time=15.749..15.750 rows=17974 loops=1)
         Index Cond: ((c > 1) AND (b = 9))
 Planning Time: 9.974 ms
 Execution Time: 103.716 ms
(7 rows)

ROLLBACK;
ROLLBACK
 relname | heap_blks_read | heap_blks_hit | seq_scan | seq_tup_read 
---------+----------------+---------------+----------+--------------
 r       |          10373 |             0 |        0 |            0
(1 row)

 relname | indexrelname | idx_blks_read | idx_blks_hit | idx_scan | idx_tup_read | idx_tup_fetch 
---------+--------------+---------------+--------------+----------+--------------+---------------
 r       | r_pkey       |             1 |            0 |        0 |            0 |             0
 r       | b_idx        |             0 |            0 |        0 |            0 |             0
 r       | c_idx        |             0 |            0 |        0 |            0 |             0
 r       | cb_idx       |          1569 |            0 |        1 |        17974 |             0
(4 rows)

 dropdbbuffers 
---------------
 t
(1 row)

 pg_stat_reset 
---------------
 
(1 row)

BEGIN;
BEGIN
SET enable_bitmapscan = ON;
SET
SET enable_indexscan = OFF;
SET
SET enable_seqscan = OFF;
SET
DROP INDEX c_idx;
DROP INDEX
DROP INDEX b_idx;
DROP INDEX
EXPLAIN ANALYZE SELECT * FROM r WHERE b = 9 AND c > 1;
                                                         QUERY PLAN                                                          
-----------------------------------------------------------------------------------------------------------------------------
 Bitmap Heap Scan on r  (cost=24330.15..40079.73 rows=18105 width=32) (actual time=17.162..94.550 rows=17974 loops=1)
   Recheck Cond: ((c > 1) AND (b = 9))
   Heap Blocks: exact=10373
   ->  Bitmap Index Scan on cb_idx  (cost=0.00..24325.63 rows=18105 width=0) (actual time=15.352..15.352 rows=17974 loops=1)
         Index Cond: ((c > 1) AND (b = 9))
 Planning Time: 10.042 ms
 Execution Time: 95.411 ms
(7 rows)

ROLLBACK;
ROLLBACK
 relname | heap_blks_read | heap_blks_hit | seq_scan | seq_tup_read 
---------+----------------+---------------+----------+--------------
 r       |          10373 |             0 |        0 |            0
(1 row)

 relname | indexrelname | idx_blks_read | idx_blks_hit | idx_scan | idx_tup_read | idx_tup_fetch 
---------+--------------+---------------+--------------+----------+--------------+---------------
 r       | r_pkey       |             1 |            0 |        0 |            0 |             0
 r       | b_idx        |             0 |            0 |        0 |            0 |             0
 r       | c_idx        |             0 |            0 |        0 |            0 |             0
 r       | cb_idx       |          1569 |            0 |        1 |        17974 |             0
(4 rows)

 dropdbbuffers 
---------------
 t
(1 row)

 pg_stat_reset 
---------------
 
(1 row)

BEGIN;
BEGIN
SET enable_bitmapscan = ON;
SET
SET enable_indexscan = OFF;
SET
SET enable_seqscan = OFF;
SET
DROP INDEX c_idx;
DROP INDEX
DROP INDEX b_idx;
DROP INDEX
EXPLAIN ANALYZE SELECT * FROM r WHERE b = 9 AND c > 1;
                                                         QUERY PLAN                                                          
-----------------------------------------------------------------------------------------------------------------------------
 Bitmap Heap Scan on r  (cost=24330.15..40079.73 rows=18105 width=32) (actual time=16.158..91.063 rows=17974 loops=1)
   Recheck Cond: ((c > 1) AND (b = 9))
   Heap Blocks: exact=10373
   ->  Bitmap Index Scan on cb_idx  (cost=0.00..24325.63 rows=18105 width=0) (actual time=14.563..14.564 rows=17974 loops=1)
         Index Cond: ((c > 1) AND (b = 9))
 Planning Time: 9.904 ms
 Execution Time: 91.891 ms
(7 rows)

ROLLBACK;
ROLLBACK
 relname | heap_blks_read | heap_blks_hit | seq_scan | seq_tup_read 
---------+----------------+---------------+----------+--------------
 r       |          10373 |             0 |        0 |            0
(1 row)

 relname | indexrelname | idx_blks_read | idx_blks_hit | idx_scan | idx_tup_read | idx_tup_fetch 
---------+--------------+---------------+--------------+----------+--------------+---------------
 r       | r_pkey       |             1 |            0 |        0 |            0 |             0
 r       | b_idx        |             0 |            0 |        0 |            0 |             0
 r       | c_idx        |             0 |            0 |        0 |            0 |             0
 r       | cb_idx       |          1569 |            0 |        1 |        17974 |             0
(4 rows)

